<?xml version="1.0" encoding="UTF-8"?>
<testng-results ignored="0" total="2" passed="2" failed="0" skipped="0">
  <reporter-output>
  </reporter-output>
  <suite started-at="2024-04-19T21:16:41 EDT" name="All Test Suite" finished-at="2024-04-19T21:16:55 EDT" duration-ms="13866">
    <groups>
    </groups>
    <test started-at="2024-04-19T21:16:41 EDT" name="/Users/jgartland/Projects/Java/java-playwright-practice" finished-at="2024-04-19T21:16:55 EDT" duration-ms="13866">
      <class name="NewTestngClass">
        <test-method signature="testCase1()[pri:0, instance:NewTestngClass@25b485ba]" started-at="2024-04-19T21:16:41 EDT" name="testCase1" finished-at="2024-04-19T21:16:41 EDT" duration-ms="2" status="PASS">
          <reporter-output>
          </reporter-output>
        </test-method> <!-- testCase1 -->
        <test-method signature="testPlaywright()[pri:0, instance:NewTestngClass@25b485ba]" started-at="2024-04-19T21:16:41 EDT" name="testPlaywright" finished-at="2024-04-19T21:16:55 EDT" duration-ms="13851" status="PASS">
          <reporter-output>
          </reporter-output>
        </test-method> <!-- testPlaywright -->
      </class> <!-- NewTestngClass -->
    </test> <!-- /Users/jgartland/Projects/Java/java-playwright-practice -->
  </suite> <!-- All Test Suite -->
</testng-results>
