<?xml version="1.0" encoding="UTF-8"?>
<!-- Generated by org.testng.reporters.JUnitXMLReporter -->
<testsuite ignored="0" hostname="Jonathans-MacBook-Air.local" failures="0" tests="2" name="/Users/jgartland/Projects/Java/java-playwright-practice" time="13.866" errors="0" timestamp="2024-04-19T21:16:55 EDT">
  <testcase classname="NewTestngClass" name="testCase1" time="0.002"/>
  <testcase classname="NewTestngClass" name="testPlaywright" time="13.851"/>
</testsuite> <!-- /Users/jgartland/Projects/Java/java-playwright-practice -->
